<?xml version="1.0" encoding="UTF-8"?>
<!-- Generated by org.testng.reporters.JUnitXMLReporter -->
<testsuite hostname="DESKTOP-4TF1D5V" name="Mohan" tests="1" failures="0" timestamp="10 Sep 2017 05:56:16 GMT" time="77.181" errors="0">
  <testcase name="@BeforeMethod logincrmsfa" time="0.0" classname="week4.testng.tests.MergeLead">
    <failure type="java.lang.RuntimeException">
      <![CDATA[java.lang.RuntimeException
	at wrappers.GenericWrappers.enterById(GenericWrappers.java:58)
	at wrappers.OpenTaps.logincrmsfa(OpenTaps.java:14)
	at sun.reflect.NativeMethodAccessorImpl.invoke0(Native Method)
	at sun.reflect.NativeMethodAccessorImpl.invoke(Unknown Source)
	at sun.reflect.DelegatingMethodAccessorImpl.invoke(Unknown Source)
	at java.lang.reflect.Method.invoke(Unknown Source)
	at org.testng.internal.MethodInvocationHelper.invokeMethod(MethodInvocationHelper.java:86)
	at org.testng.internal.Invoker.invokeConfigurationMethod(Invoker.java:514)
	at org.testng.internal.Invoker.invokeConfigurations(Invoker.java:215)
	at org.testng.internal.Invoker.invokeMethod(Invoker.java:589)
	at org.testng.internal.Invoker.invokeTestMethod(Invoker.java:820)
	at org.testng.internal.Invoker.invokeTestMethods(Invoker.java:1128)
	at org.testng.internal.TestMethodWorker.invokeTestMethods(TestMethodWorker.java:129)
	at org.testng.internal.TestMethodWorker.run(TestMethodWorker.java:112)
	at java.util.concurrent.ThreadPoolExecutor.runWorker(Unknown Source)
	at java.util.concurrent.ThreadPoolExecutor$Worker.run(Unknown Source)
	at java.lang.Thread.run(Unknown Source)
]]>
    </failure>
  </testcase> <!-- @BeforeMethod logincrmsfa -->
  <testcase name="@AfterMethod closeBrowser" time="0.0" classname="week4.testng.tests.MergeLead">
    <skipped/>
  </testcase> <!-- @AfterMethod closeBrowser -->
  <testcase name="MergeLeadAtTest" time="0.0" classname="week4.testng.tests.MergeLead">
    <skipped/>
  </testcase> <!-- MergeLeadAtTest -->
</testsuite> <!-- Mohan -->
