<?xml version="1.0" encoding="UTF-8"?>
<testng-results skipped="0" failed="0" total="1" passed="1">
  <reporter-output>
  </reporter-output>
  <suite name="Default suite" duration-ms="584" started-at="2017-09-16T13:26:46Z" finished-at="2017-09-16T13:26:47Z">
    <groups>
    </groups>
    <test name="Default test" duration-ms="584" started-at="2017-09-16T13:26:46Z" finished-at="2017-09-16T13:26:47Z">
      <class name="week5.extentreports.ExtentReportsTest">
        <test-method status="PASS" signature="extentReports()[pri:0, instance:week5.extentreports.ExtentReportsTest@47c62251]" name="extentReports" duration-ms="568" started-at="2017-09-16T18:56:46Z" finished-at="2017-09-16T18:56:47Z">
          <reporter-output>
          </reporter-output>
        </test-method> <!-- extentReports -->
      </class> <!-- week5.extentreports.ExtentReportsTest -->
    </test> <!-- Default test -->
  </suite> <!-- Default suite -->
</testng-results>
